# JRE version: OpenJDK Runtime Environment Temurin-21.0.12+8 (21.0.12+8) (build 21.0.12+8-LTS)
# Java VM: OpenJDK 64-Bit Server VM Temurin-21.0.12+8 (21.0.12+8-LTS, mixed mode, sharing, tiered, compressed oops, compressed class ptrs, parallel gc, windows-amd64)
GC Precious Log:
 CardTable entry size: 512
 CPUs: 8 total, 8 available
 Memory: 8030M
 Large Page Support: Disabled
 NUMA Support: Disabled
 Compressed Oops: Enabled (Zero based)
 Alignments: Space 512K, Generation 512K, Heap 2M
 Heap Min Capacity: 100M
 Heap Initial Capacity: 100M
 Heap Max Capacity: 8G
 Pre-touch: Disabled
 Parallel Workers: 8
Heap:
 PSYoungGen      total 18432K, used 13225K [0x0000000755580000, 0x0000000757380000, 0x0000000800000000)
  eden space 17920K, 71% used [0x0000000755580000,0x00000007561f22a8,0x0000000756700000)
  from space 512K, 93% used [0x0000000756c80000,0x0000000756cf8438,0x0000000756d00000)
  to   space 5632K, 0% used [0x0000000756700000,0x0000000756700000,0x0000000756c80000)
 ParOldGen       total 83456K, used 82949K [0x0000000600000000, 0x0000000605180000, 0x0000000755580000)
  object space 83456K, 99% used [0x0000000600000000,0x0000000605101410,0x0000000605180000)
 Metaspace       used 42236K, committed 43584K, reserved 1114112K
  class space    used 4783K, committed 5376K, reserved 1048576K
GC Heap History (20 events):
Event: 649.071 GC heap before
{Heap before GC invocations=109 (full 2):
 PSYoungGen      total 19968K, used 19965K [0x0000000755580000, 0x0000000756e00000, 0x0000000800000000)
  eden space 19456K, 100% used [0x0000000755580000,0x0000000756880000,0x0000000756880000)
  from space 512K, 99% used [0x0000000756d80000,0x0000000756dff550,0x0000000756e00000)
  to   space 1024K, 0% used [0x0000000756c00000,0x0000000756c00000,0x0000000756d00000)
 ParOldGen       total 79360K, used 76971K [0x0000000600000000, 0x0000000604d80000, 0x0000000755580000)
  object space 79360K, 96% used [0x0000000600000000,0x0000000604b2acc0,0x0000000604d80000)
 Metaspace       used 40612K, committed 41856K, reserved 1114112K
  class space    used 4592K, committed 5184K, reserved 1048576K
}
Event: 649.073 GC heap after
{Heap after GC invocations=109 (full 2):
 PSYoungGen      total 20480K, used 1019K [0x0000000755580000, 0x0000000756e00000, 0x0000000800000000)
  eden space 19456K, 0% used [0x0000000755580000,0x0000000755580000,0x0000000756880000)
  from space 1024K, 99% used [0x0000000756c00000,0x0000000756cfee58,0x0000000756d00000)
  to   space 1024K, 0% used [0x0000000756d00000,0x0000000756d00000,0x0000000756e00000)
 ParOldGen       total 79360K, used 77086K [0x0000000600000000, 0x0000000604d80000, 0x0000000755580000)
  object space 79360K, 97% used [0x0000000600000000,0x0000000604b47a40,0x0000000604d80000)
 Metaspace       used 40612K, committed 41856K, reserved 1114112K
  class space    used 4592K, committed 5184K, reserved 1048576K
}
Event: 649.340 GC heap before
{Heap before GC invocations=110 (full 2):
 PSYoungGen      total 20480K, used 20475K [0x0000000755580000, 0x0000000756e00000, 0x0000000800000000)
  eden space 19456K, 100% used [0x0000000755580000,0x0000000756880000,0x0000000756880000)
  from space 1024K, 99% used [0x0000000756c00000,0x0000000756cfee58,0x0000000756d00000)
  to   space 1024K, 0% used [0x0000000756d00000,0x0000000756d00000,0x0000000756e00000)
 ParOldGen       total 79360K, used 77086K [0x0000000600000000, 0x0000000604d80000, 0x0000000755580000)
  object space 79360K, 97% used [0x0000000600000000,0x0000000604b47a40,0x0000000604d80000)
 Metaspace       used 40612K, committed 41856K, reserved 1114112K
  class space    used 4592K, committed 5184K, reserved 1048576K
}
Event: 649.342 GC heap after
{Heap after GC invocations=110 (full 2):
 PSYoungGen      total 20480K, used 646K [0x0000000755580000, 0x0000000756e00000, 0x0000000800000000)
  eden space 19456K, 0% used [0x0000000755580000,0x0000000755580000,0x0000000756880000)
  from space 1024K, 63% used [0x0000000756d00000,0x0000000756da1b70,0x0000000756e00000)
  to   space 1024K, 0% used [0x0000000756c00000,0x0000000756c00000,0x0000000756d00000)
 ParOldGen       total 79360K, used 77142K [0x0000000600000000, 0x0000000604d80000, 0x0000000755580000)
  object space 79360K, 97% used [0x0000000600000000,0x0000000604b55a40,0x0000000604d80000)
 Metaspace       used 40612K, committed 41856K, reserved 1114112K
  class space    used 4592K, committed 5184K, reserved 1048576K
}
Event: 649.606 GC heap before
{Heap before GC invocations=111 (full 2):
 PSYoungGen      total 20480K, used 20102K [0x0000000755580000, 0x0000000756e00000, 0x0000000800000000)
  eden space 19456K, 100% used [0x0000000755580000,0x0000000756880000,0x0000000756880000)
  from space 1024K, 63% used [0x0000000756d00000,0x0000000756da1b70,0x0000000756e00000)
  to   space 1024K, 0% used [0x0000000756c00000,0x0000000756c00000,0x0000000756d00000)
 ParOldGen       total 79360K, used 77142K [0x0000000600000000, 0x0000000604d80000, 0x0000000755580000)
  object space 79360K, 97% used [0x0000000600000000,0x0000000604b55a40,0x0000000604d80000)
 Metaspace       used 40612K, committed 41856K, reserved 1114112K
  class space    used 4592K, committed 5184K, reserved 1048576K
}
Event: 649.608 GC heap after
{Heap after GC invocations=111 (full 2):
 PSYoungGen      total 20480K, used 224K [0x0000000755580000, 0x0000000756d80000, 0x0000000800000000)
  eden space 19456K, 0% used [0x0000000755580000,0x0000000755580000,0x0000000756880000)
  from space 1024K, 21% used [0x0000000756c00000,0x0000000756c38000,0x0000000756d00000)
  to   space 512K, 0% used [0x0000000756d00000,0x0000000756d00000,0x0000000756d80000)
 ParOldGen       total 79360K, used 77166K [0x0000000600000000, 0x0000000604d80000, 0x0000000755580000)
  object space 79360K, 97% used [0x0000000600000000,0x0000000604b5ba40,0x0000000604d80000)
 Metaspace       used 40612K, committed 41856K, reserved 1114112K
  class space    used 4592K, committed 5184K, reserved 1048576K
}
Event: 649.899 GC heap before
{Heap before GC invocations=112 (full 2):
 PSYoungGen      total 20480K, used 19680K [0x0000000755580000, 0x0000000756d80000, 0x0000000800000000)
  eden space 19456K, 100% used [0x0000000755580000,0x0000000756880000,0x0000000756880000)
  from space 1024K, 21% used [0x0000000756c00000,0x0000000756c38000,0x0000000756d00000)
  to   space 512K, 0% used [0x0000000756d00000,0x0000000756d00000,0x0000000756d80000)
 ParOldGen       total 79360K, used 77166K [0x0000000600000000, 0x0000000604d80000, 0x0000000755580000)
  object space 79360K, 97% used [0x0000000600000000,0x0000000604b5ba40,0x0000000604d80000)
 Metaspace       used 40612K, committed 41856K, reserved 1114112K
  class space    used 4592K, committed 5184K, reserved 1048576K
}
Event: 649.899 GC heap after
{Heap after GC invocations=112 (full 2):
 PSYoungGen      total 19968K, used 492K [0x0000000755580000, 0x0000000756d80000, 0x0000000800000000)
  eden space 19456K, 0% used [0x0000000755580000,0x0000000755580000,0x0000000756880000)
  from space 512K, 96% used [0x0000000756d00000,0x0000000756d7b170,0x0000000756d80000)
  to   space 1536K, 0% used [0x0000000756a80000,0x0000000756a80000,0x0000000756c00000)
 ParOldGen       total 79360K, used 77749K [0x0000000600000000, 0x0000000604d80000, 0x0000000755580000)
  object space 79360K, 97% used [0x0000000600000000,0x0000000604bed4a0,0x0000000604d80000)
 Metaspace       used 40612K, committed 41856K, reserved 1114112K
  class space    used 4592K, committed 5184K, reserved 1048576K
}
Event: 659.607 GC heap before
{Heap before GC invocations=113 (full 2):
 PSYoungGen      total 19968K, used 19948K [0x0000000755580000, 0x0000000756d80000, 0x0000000800000000)
  eden space 19456K, 100% used [0x0000000755580000,0x0000000756880000,0x0000000756880000)
  from space 512K, 96% used [0x0000000756d00000,0x0000000756d7b170,0x0000000756d80000)
  to   space 1536K, 0% used [0x0000000756a80000,0x0000000756a80000,0x0000000756c00000)
 ParOldGen       total 79360K, used 77749K [0x0000000600000000, 0x0000000604d80000, 0x0000000755580000)
  object space 79360K, 97% used [0x0000000600000000,0x0000000604bed4a0,0x0000000604d80000)
 Metaspace       used 41154K, committed 42432K, reserved 1114112K
  class space    used 4677K, committed 5248K, reserved 1048576K
}
Event: 659.611 GC heap after
{Heap after GC invocations=113 (full 2):
 PSYoungGen      total 20992K, used 480K [0x0000000755580000, 0x0000000756d80000, 0x0000000800000000)
  eden space 19456K, 0% used [0x0000000755580000,0x0000000755580000,0x0000000756880000)
  from space 1536K, 31% used [0x0000000756a80000,0x0000000756af8000,0x0000000756c00000)
  to   space 1024K, 0% used [0x0000000756c80000,0x0000000756c80000,0x0000000756d80000)
 ParOldGen       total 79360K, used 77781K [0x0000000600000000, 0x0000000604d80000, 0x0000000755580000)
  object space 79360K, 98% used [0x0000000600000000,0x0000000604bf54a0,0x0000000604d80000)
 Metaspace       used 41154K, committed 42432K, reserved 1114112K
  class space    used 4677K, committed 5248K, reserved 1048576K
}
Event: 665.903 GC heap before
{Heap before GC invocations=114 (full 2):
 PSYoungGen      total 20992K, used 19936K [0x0000000755580000, 0x0000000756d80000, 0x0000000800000000)
  eden space 19456K, 100% used [0x0000000755580000,0x0000000756880000,0x0000000756880000)
  from space 1536K, 31% used [0x0000000756a80000,0x0000000756af8000,0x0000000756c00000)
  to   space 1024K, 0% used [0x0000000756c80000,0x0000000756c80000,0x0000000756d80000)
 ParOldGen       total 79360K, used 77781K [0x0000000600000000, 0x0000000604d80000, 0x0000000755580000)
  object space 79360K, 98% used [0x0000000600000000,0x0000000604bf54a0,0x0000000604d80000)
 Metaspace       used 41438K, committed 42752K, reserved 1114112K
  class space    used 4703K, committed 5312K, reserved 1048576K
}
Event: 665.906 GC heap after
{Heap after GC invocations=114 (full 2):
 PSYoungGen      total 20480K, used 568K [0x0000000755580000, 0x0000000756d80000, 0x0000000800000000)
  eden space 19456K, 0% used [0x0000000755580000,0x0000000755580000,0x0000000756880000)
  from space 1024K, 55% used [0x0000000756c80000,0x0000000756d0e290,0x0000000756d80000)
  to   space 1024K, 0% used [0x0000000756b80000,0x0000000756b80000,0x0000000756c80000)
 ParOldGen       total 79360K, used 78013K [0x0000000600000000, 0x0000000604d80000, 0x0000000755580000)
  object space 79360K, 98% used [0x0000000600000000,0x0000000604c2f4b0,0x0000000604d80000)
 Metaspace       used 41438K, committed 42752K, reserved 1114112K
  class space    used 4703K, committed 5312K, reserved 1048576K
}
Event: 667.532 GC heap before
{Heap before GC invocations=115 (full 2):
 PSYoungGen      total 20480K, used 20024K [0x0000000755580000, 0x0000000756d80000, 0x0000000800000000)
  eden space 19456K, 100% used [0x0000000755580000,0x0000000756880000,0x0000000756880000)
  from space 1024K, 55% used [0x0000000756c80000,0x0000000756d0e290,0x0000000756d80000)
  to   space 1024K, 0% used [0x0000000756b80000,0x0000000756b80000,0x0000000756c80000)
 ParOldGen       total 79360K, used 78013K [0x0000000600000000, 0x0000000604d80000, 0x0000000755580000)
  object space 79360K, 98% used [0x0000000600000000,0x0000000604c2f4b0,0x0000000604d80000)
 Metaspace       used 41438K, committed 42752K, reserved 1114112K
  class space    used 4703K, committed 5312K, reserved 1048576K
}
Event: 667.533 GC heap after
{Heap after GC invocations=115 (full 2):
 PSYoungGen      total 20480K, used 160K [0x0000000755580000, 0x0000000756d00000, 0x0000000800000000)
  eden space 19456K, 0% used [0x0000000755580000,0x0000000755580000,0x0000000756880000)
  from space 1024K, 15% used [0x0000000756b80000,0x0000000756ba8000,0x0000000756c80000)
  to   space 512K, 0% used [0x0000000756c80000,0x0000000756c80000,0x0000000756d00000)
 ParOldGen       total 79360K, used 78479K [0x0000000600000000, 0x0000000604d80000, 0x0000000755580000)
  object space 79360K, 98% used [0x0000000600000000,0x0000000604ca3db8,0x0000000604d80000)
 Metaspace       used 41438K, committed 42752K, reserved 1114112K
  class space    used 4703K, committed 5312K, reserved 1048576K
}
Event: 668.796 GC heap before
{Heap before GC invocations=116 (full 2):
 PSYoungGen      total 20480K, used 19616K [0x0000000755580000, 0x0000000756d00000, 0x0000000800000000)
  eden space 19456K, 100% used [0x0000000755580000,0x0000000756880000,0x0000000756880000)
  from space 1024K, 15% used [0x0000000756b80000,0x0000000756ba8000,0x0000000756c80000)
  to   space 512K, 0% used [0x0000000756c80000,0x0000000756c80000,0x0000000756d00000)
 ParOldGen       total 79360K, used 78479K [0x0000000600000000, 0x0000000604d80000, 0x0000000755580000)
  object space 79360K, 98% used [0x0000000600000000,0x0000000604ca3db8,0x0000000604d80000)
 Metaspace       used 41440K, committed 42752K, reserved 1114112K
  class space    used 4704K, committed 5312K, reserved 1048576K
}
Event: 668.797 GC heap after
{Heap after GC invocations=116 (full 2):
 PSYoungGen      total 19968K, used 192K [0x0000000755580000, 0x0000000756d00000, 0x0000000800000000)
  eden space 19456K, 0% used [0x0000000755580000,0x0000000755580000,0x0000000756880000)
  from space 512K, 37% used [0x0000000756c80000,0x0000000756cb0000,0x0000000756d00000)
  to   space 512K, 0% used [0x0000000756c00000,0x0000000756c00000,0x0000000756c80000)
 ParOldGen       total 79360K, used 78519K [0x0000000600000000, 0x0000000604d80000, 0x0000000755580000)
  object space 79360K, 98% used [0x0000000600000000,0x0000000604caddb8,0x0000000604d80000)
 Metaspace       used 41440K, committed 42752K, reserved 1114112K
  class space    used 4704K, committed 5312K, reserved 1048576K
}
Event: 669.774 GC heap before
{Heap before GC invocations=117 (full 2):
 PSYoungGen      total 19968K, used 19648K [0x0000000755580000, 0x0000000756d00000, 0x0000000800000000)
  eden space 19456K, 100% used [0x0000000755580000,0x0000000756880000,0x0000000756880000)
  from space 512K, 37% used [0x0000000756c80000,0x0000000756cb0000,0x0000000756d00000)
  to   space 512K, 0% used [0x0000000756c00000,0x0000000756c00000,0x0000000756c80000)
 ParOldGen       total 79360K, used 78519K [0x0000000600000000, 0x0000000604d80000, 0x0000000755580000)
  object space 79360K, 98% used [0x0000000600000000,0x0000000604caddb8,0x0000000604d80000)
 Metaspace       used 41729K, committed 43072K, reserved 1114112K
  class space    used 4744K, committed 5312K, reserved 1048576K
}
Event: 669.776 GC heap after
{Heap after GC invocations=117 (full 2):
 PSYoungGen      total 19968K, used 504K [0x0000000755580000, 0x0000000756d00000, 0x0000000800000000)
  eden space 19456K, 0% used [0x0000000755580000,0x0000000755580000,0x0000000756880000)
  from space 512K, 98% used [0x0000000756c00000,0x0000000756c7e398,0x0000000756c80000)
  to   space 512K, 0% used [0x0000000756c80000,0x0000000756c80000,0x0000000756d00000)
 ParOldGen       total 79360K, used 78559K [0x0000000600000000, 0x0000000604d80000, 0x0000000755580000)
  object space 79360K, 98% used [0x0000000600000000,0x0000000604cb7db8,0x0000000604d80000)
 Metaspace       used 41729K, committed 43072K, reserved 1114112K
  class space    used 4744K, committed 5312K, reserved 1048576K
}
Event: 670.838 GC heap before
{Heap before GC invocations=118 (full 2):
 PSYoungGen      total 19968K, used 19960K [0x0000000755580000, 0x0000000756d00000, 0x0000000800000000)
  eden space 19456K, 100% used [0x0000000755580000,0x0000000756880000,0x0000000756880000)
  from space 512K, 98% used [0x0000000756c00000,0x0000000756c7e398,0x0000000756c80000)
  to   space 512K, 0% used [0x0000000756c80000,0x0000000756c80000,0x0000000756d00000)
 ParOldGen       total 79360K, used 78559K [0x0000000600000000, 0x0000000604d80000, 0x0000000755580000)
  object space 79360K, 98% used [0x0000000600000000,0x0000000604cb7db8,0x0000000604d80000)
 Metaspace       used 41870K, committed 43264K, reserved 1114112K
  class space    used 4751K, committed 5376K, reserved 1048576K
}
Event: 670.843 GC heap after
{Heap after GC invocations=118 (full 2):
 PSYoungGen      total 18432K, used 481K [0x0000000755580000, 0x0000000757380000, 0x0000000800000000)
  eden space 17920K, 0% used [0x0000000755580000,0x0000000755580000,0x0000000756700000)
  from space 512K, 93% used [0x0000000756c80000,0x0000000756cf8438,0x0000000756d00000)
  to   space 5632K, 0% used [0x0000000756700000,0x0000000756700000,0x0000000756c80000)
 ParOldGen       total 83456K, used 82949K [0x0000000600000000, 0x0000000605180000, 0x0000000755580000)
  object space 83456K, 99% used [0x0000000600000000,0x0000000605101410,0x0000000605180000)
 Metaspace       used 41870K, committed 43264K, reserved 1114112K
  class space    used 4751K, committed 5376K, reserved 1048576K
}

