# JRE version: OpenJDK Runtime Environment (21.0.10) (build 21.0.10+-14961533-b1163.108)
# Java VM: OpenJDK 64-Bit Server VM (21.0.10+-14961533-b1163.108, mixed mode, tiered, compressed oops, compressed class ptrs, g1 gc, windows-amd64)
GC Precious Log:
 CardTable entry size: 512
 Card Set container configuration: InlinePtr #cards 5 size 8 Array Of Cards #cards 12 size 40 Howl #buckets 4 coarsen threshold 1843 Howl Bitmap #cards 512 size 80 coarsen threshold 460 Card regions per heap region 1 cards per card region 2048
 CPUs: 8 total, 8 available
 Memory: 8030M
 Large Page Support: Disabled
 NUMA Support: Disabled
 Compressed Oops: Enabled (32-bit)
 Heap Region Size: 1M
 Heap Min Capacity: 8M
 Heap Initial Capacity: 126M
 Heap Max Capacity: 2G
 Pre-touch: Disabled
 Parallel Workers: 8
 Concurrent Workers: 2
 Concurrent Refinement Workers: 8
 Periodic GC: Disabled
Heap:
 garbage-first heap   total 74752K, used 46523K [0x0000000080000000, 0x0000000100000000)
  region size 1024K, 21 young (21504K), 4 survivors (4096K)
 Metaspace       used 47066K, committed 48192K, reserved 491520K
  class space    used 6529K, committed 7104K, reserved 425984K
GC Heap History (18 events):
Event: 1.181 GC heap before
{Heap before GC invocations=0 (full 0):
 garbage-first heap   total 129024K, used 28672K [0x0000000080000000, 0x0000000100000000)
  region size 1024K, 23 young (23552K), 0 survivors (0K)
 Metaspace       used 8771K, committed 8960K, reserved 491520K
  class space    used 828K, committed 896K, reserved 425984K
}
Event: 1.187 GC heap after
{Heap after GC invocations=1 (full 0):
 garbage-first heap   total 129024K, used 9017K [0x0000000080000000, 0x0000000100000000)
  region size 1024K, 3 young (3072K), 3 survivors (3072K)
 Metaspace       used 8771K, committed 8960K, reserved 491520K
  class space    used 828K, committed 896K, reserved 425984K
}
Event: 2.457 GC heap before
{Heap before GC invocations=1 (full 0):
 garbage-first heap   total 129024K, used 39737K [0x0000000080000000, 0x0000000100000000)
  region size 1024K, 33 young (33792K), 3 survivors (3072K)
 Metaspace       used 11894K, committed 12096K, reserved 491520K
  class space    used 1277K, committed 1408K, reserved 425984K
}
Event: 2.463 GC heap after
{Heap after GC invocations=2 (full 0):
 garbage-first heap   total 129024K, used 9754K [0x0000000080000000, 0x0000000100000000)
  region size 1024K, 1 young (1024K), 1 survivors (1024K)
 Metaspace       used 11894K, committed 12096K, reserved 491520K
  class space    used 1277K, committed 1408K, reserved 425984K
}
Event: 5.032 GC heap before
{Heap before GC invocations=2 (full 0):
 garbage-first heap   total 129024K, used 68122K [0x0000000080000000, 0x0000000100000000)
  region size 1024K, 59 young (60416K), 1 survivors (1024K)
 Metaspace       used 21222K, committed 21504K, reserved 491520K
  class space    used 2561K, committed 2688K, reserved 425984K
}
Event: 5.041 GC heap after
{Heap after GC invocations=3 (full 0):
 garbage-first heap   total 129024K, used 17903K [0x0000000080000000, 0x0000000100000000)
  region size 1024K, 9 young (9216K), 9 survivors (9216K)
 Metaspace       used 21222K, committed 21504K, reserved 491520K
  class space    used 2561K, committed 2688K, reserved 425984K
}
Event: 8.224 GC heap before
{Heap before GC invocations=4 (full 0):
 garbage-first heap   total 61440K, used 59887K [0x0000000080000000, 0x0000000100000000)
  region size 1024K, 51 young (52224K), 9 survivors (9216K)
 Metaspace       used 29257K, committed 29760K, reserved 491520K
  class space    used 3856K, committed 4096K, reserved 425984K
}
Event: 8.240 GC heap after
{Heap after GC invocations=5 (full 0):
 garbage-first heap   total 74752K, used 20757K [0x0000000080000000, 0x0000000100000000)
  region size 1024K, 4 young (4096K), 4 survivors (4096K)
 Metaspace       used 29257K, committed 29760K, reserved 491520K
  class space    used 3856K, committed 4096K, reserved 425984K
}
Event: 10.576 GC heap before
{Heap before GC invocations=5 (full 0):
 garbage-first heap   total 74752K, used 53525K [0x0000000080000000, 0x0000000100000000)
  region size 1024K, 37 young (37888K), 4 survivors (4096K)
 Metaspace       used 34444K, committed 35200K, reserved 491520K
  class space    used 4685K, committed 5056K, reserved 425984K
}
Event: 10.584 GC heap after
{Heap after GC invocations=6 (full 0):
 garbage-first heap   total 74752K, used 24277K [0x0000000080000000, 0x0000000100000000)
  region size 1024K, 4 young (4096K), 4 survivors (4096K)
 Metaspace       used 34444K, committed 35200K, reserved 491520K
  class space    used 4685K, committed 5056K, reserved 425984K
}
Event: 10.871 GC heap before
{Heap before GC invocations=6 (full 0):
 garbage-first heap   total 74752K, used 29397K [0x0000000080000000, 0x0000000100000000)
  region size 1024K, 10 young (10240K), 4 survivors (4096K)
 Metaspace       used 35145K, committed 35968K, reserved 491520K
  class space    used 4820K, committed 5248K, reserved 425984K
}
Event: 10.876 GC heap after
{Heap after GC invocations=7 (full 0):
 garbage-first heap   total 74752K, used 24967K [0x0000000080000000, 0x0000000100000000)
  region size 1024K, 1 young (1024K), 1 survivors (1024K)
 Metaspace       used 35145K, committed 35968K, reserved 491520K
  class space    used 4820K, committed 5248K, reserved 425984K
}
Event: 13.805 GC heap before
{Heap before GC invocations=8 (full 0):
 garbage-first heap   total 74752K, used 58759K [0x0000000080000000, 0x0000000100000000)
  region size 1024K, 35 young (35840K), 1 survivors (1024K)
 Metaspace       used 41342K, committed 42432K, reserved 491520K
  class space    used 5721K, committed 6272K, reserved 425984K
}
Event: 13.809 GC heap after
{Heap after GC invocations=9 (full 0):
 garbage-first heap   total 74752K, used 26716K [0x0000000080000000, 0x0000000100000000)
  region size 1024K, 3 young (3072K), 3 survivors (3072K)
 Metaspace       used 41342K, committed 42432K, reserved 491520K
  class space    used 5721K, committed 6272K, reserved 425984K
}
Event: 15.024 GC heap before
{Heap before GC invocations=9 (full 0):
 garbage-first heap   total 74752K, used 61532K [0x0000000080000000, 0x0000000100000000)
  region size 1024K, 37 young (37888K), 3 survivors (3072K)
 Metaspace       used 44512K, committed 45568K, reserved 491520K
  class space    used 6230K, committed 6720K, reserved 425984K
}
Event: 15.030 GC heap after
{Heap after GC invocations=10 (full 0):
 garbage-first heap   total 74752K, used 30167K [0x0000000080000000, 0x0000000100000000)
  region size 1024K, 5 young (5120K), 5 survivors (5120K)
 Metaspace       used 44512K, committed 45568K, reserved 491520K
  class space    used 6230K, committed 6720K, reserved 425984K
}
Event: 17.121 GC heap before
{Heap before GC invocations=10 (full 0):
 garbage-first heap   total 74752K, used 63959K [0x0000000080000000, 0x0000000100000000)
  region size 1024K, 38 young (38912K), 5 survivors (5120K)
 Metaspace       used 46153K, committed 47296K, reserved 491520K
  class space    used 6409K, committed 6976K, reserved 425984K
}
Event: 17.128 GC heap after
{Heap after GC invocations=11 (full 0):
 garbage-first heap   total 74752K, used 31163K [0x0000000080000000, 0x0000000100000000)
  region size 1024K, 4 young (4096K), 4 survivors (4096K)
 Metaspace       used 46153K, committed 47296K, reserved 491520K
  class space    used 6409K, committed 6976K, reserved 425984K
}

